[debug] [2018-09-15T09:26:18.501Z] ----------------------------------------------------------------------
[debug] [2018-09-15T09:26:18.504Z] Command:       /usr/local/bin/node /usr/local/bin/firebase deploy
[debug] [2018-09-15T09:26:18.504Z] CLI Version:   4.0.0
[debug] [2018-09-15T09:26:18.504Z] Platform:      darwin
[debug] [2018-09-15T09:26:18.504Z] Node Version:  v6.10.0
[debug] [2018-09-15T09:26:18.505Z] Time:          Sat Sep 15 2018 14:56:18 GMT+0530 (IST)
[debug] [2018-09-15T09:26:18.505Z] ----------------------------------------------------------------------
[debug] 
[debug] [2018-09-15T09:26:18.522Z] > command requires scopes: ["email","openid","https://www.googleapis.com/auth/cloudplatformprojects.readonly","https://www.googleapis.com/auth/firebase","https://www.googleapis.com/auth/cloud-platform"]
[debug] [2018-09-15T09:26:18.522Z] > authorizing via signed-in user
[debug] [2018-09-15T09:26:18.524Z] > refreshing access token with scopes: ["email","https://www.googleapis.com/auth/cloud-platform","https://www.googleapis.com/auth/cloudplatformprojects.readonly","https://www.googleapis.com/auth/firebase","openid"]
[debug] [2018-09-15T09:26:18.524Z] >>> HTTP REQUEST POST https://www.googleapis.com/oauth2/v3/token  
 { refresh_token: '1/7qwL3K5T8k4CkMPcCoDuMHqu-qCZANwhL0_C3HuX204',
  client_id: '563584335869-fgrhgmd47bqnekij5i8b5pr03ho849e6.apps.googleusercontent.com',
  client_secret: 'j9iVZfS8kkCEFUPaAeJV0sAi',
  grant_type: 'refresh_token',
  scope: 'email https://www.googleapis.com/auth/cloud-platform https://www.googleapis.com/auth/cloudplatformprojects.readonly https://www.googleapis.com/auth/firebase openid' } 
 Sat Sep 15 2018 14:56:18 GMT+0530 (IST)
[debug] [2018-09-15T09:26:19.240Z] <<< HTTP RESPONSE 200
[debug] [2018-09-15T09:26:19.243Z] >>> HTTP REQUEST GET https://admin.firebase.com/v1/projects/slatplanner-f15de  
  
 Sat Sep 15 2018 14:56:19 GMT+0530 (IST)
[debug] [2018-09-15T09:26:21.536Z] <<< HTTP RESPONSE 200
[debug] [2018-09-15T09:26:21.537Z] >>> HTTP REQUEST GET https://admin.firebase.com/v1/database/slatplanner-f15de/tokens  
  
 Sat Sep 15 2018 14:56:21 GMT+0530 (IST)
[debug] [2018-09-15T09:26:23.110Z] <<< HTTP RESPONSE 200
[info] 
[info] === Deploying to 'slatplanner-f15de'...
[info] 
[info] i  deploying hosting
[info] i  hosting: preparing public/ directory for upload...
[debug] [2018-09-15T09:26:27.653Z] >>> HTTP REQUEST PUT https://deploy.firebase.com/v1/hosting/slatplanner-f15de/uploads/-LMRYNIjG8UZLr4l21Mk?fileCount=120&message=  
  
 Sat Sep 15 2018 14:56:27 GMT+0530 (IST)
[debug] [2018-09-15T09:33:52.451Z] Error: write EPIPE
    at exports._errnoException (util.js:1022:11)
    at WriteWrap.afterWrite (net.js:801:14)
[error] 
[error] Error: Server Error. write EPIPE
